生成启动时间为 2018/11/8 16:36:13。
     1>项目“d:\用户目录\我的文档\visual studio 2012\Projects\pack\pack\pack.vcxproj”在节点 2 上(Build 个目标)。
     1>ClCompile:
         C:\Program Files (x86)\Microsoft Visual Studio 11.0\VC\bin\CL.exe /c /ZI /nologo /W3 /WX- /sdl /Od /Oy- /D WIN32 /D _WINDOWS /D _DEBUG /D _UNICODE /D UNICODE /D _AFXDLL /Gm /EHsc /RTC1 /MDd /GS /fp:precise /Zc:wchar_t /Zc:forScope /Yu"stdafx.h" /Fp"Debug\pack.pch" /Fo"Debug\\" /Fd"Debug\vc110.pdb" /Gd /TP /analyze- /errorReport:prompt LoginDlg.cpp RegisterDlg.cpp pack.cpp
         pack.cpp
         RegisterDlg.cpp
         正在生成代码...
         正在编译...
         LoginDlg.cpp
         正在生成代码...
       Link:
         C:\Program Files (x86)\Microsoft Visual Studio 11.0\VC\bin\link.exe /ERRORREPORT:PROMPT /OUT:"d:\用户目录\我的文档\visual studio 2012\Projects\pack\Debug\pack.exe" /INCREMENTAL /NOLOGO /MANIFEST /MANIFESTUAC:"level='asInvoker' uiAccess='false'" /manifest:embed /manifestinput:"C:\Program Files (x86)\Microsoft Visual Studio 11.0\VC\Include\Manifest\dpiaware.manifest" /DEBUG /PDB:"d:\用户目录\我的文档\visual studio 2012\Projects\pack\Debug\pack.pdb" /SUBSYSTEM:WINDOWS /TLBID:1 /ENTRY:"wWinMainCRTStartup" /DYNAMICBASE /NXCOMPAT /IMPLIB:"d:\用户目录\我的文档\visual studio 2012\Projects\pack\Debug\pack.lib" /MACHINE:X86 Debug\pack.res
         Debug\HistoryDlg.obj
         Debug\LoginDlg.obj
         Debug\MainDlg.obj
         Debug\pack.obj
         Debug\packDlg.obj
         Debug\RegisterDlg.obj
         Debug\sendByTCP.obj
         Debug\stdafx.obj
         Debug\UserDlg.obj
         pack.vcxproj -> d:\用户目录\我的文档\visual studio 2012\Projects\pack\Debug\pack.exe
     1>已完成生成项目“d:\用户目录\我的文档\visual studio 2012\Projects\pack\pack\pack.vcxproj”(Build 个目标)的操作。

生成成功。

已用时间 00:00:02.01
